[debug] [2025-01-18T22:47:54.489Z] ----------------------------------------------------------------------
[debug] [2025-01-18T22:47:54.491Z] Command:       /opt/homebrew/Cellar/node/22.7.0/bin/node /opt/homebrew/bin/firebase login
[debug] [2025-01-18T22:47:54.491Z] CLI Version:   13.29.1
[debug] [2025-01-18T22:47:54.491Z] Platform:      darwin
[debug] [2025-01-18T22:47:54.491Z] Node Version:  v22.7.0
[debug] [2025-01-18T22:47:54.491Z] Time:          Sat Jan 18 2025 14:47:54 GMT-0800 (Pacific Standard Time)
[debug] [2025-01-18T22:47:54.491Z] ----------------------------------------------------------------------
[debug] 
[debug] [2025-01-18T22:47:54.493Z] >>> [apiv2][query] GET https://firebase-public.firebaseio.com/cli.json [none]
[info] i  Firebase optionally collects CLI and Emulator Suite usage and error reporting information to help improve our products. Data is collected in accordance with Google's privacy policy (https://policies.google.com/privacy) and is not used to identify you.
 
[debug] [2025-01-18T22:47:54.711Z] <<< [apiv2][status] GET https://firebase-public.firebaseio.com/cli.json 200
[debug] [2025-01-18T22:47:54.711Z] <<< [apiv2][body] GET https://firebase-public.firebaseio.com/cli.json {"cloudBuildErrorAfter":1594252800000,"cloudBuildWarnAfter":1590019200000,"defaultNode10After":1594252800000,"minVersion":"3.0.5","node8DeploysDisabledAfter":1613390400000,"node8RuntimeDisabledAfter":1615809600000,"node8WarnAfter":1600128000000}
[info] 
[info] Visit this URL on this device to log in:
[info] https://accounts.google.com/o/oauth2/auth?client_id=563584335869-fgrhgmd47bqnekij5i8b5pr03ho849e6.apps.googleusercontent.com&scope=email%20openid%20https%3A%2F%2Fwww.googleapis.com%2Fauth%2Fcloudplatformprojects.readonly%20https%3A%2F%2Fwww.googleapis.com%2Fauth%2Ffirebase%20https%3A%2F%2Fwww.googleapis.com%2Fauth%2Fcloud-platform&response_type=code&state=641527171&redirect_uri=http%3A%2F%2Flocalhost%3A9005
[info] 
[info] Waiting for authentication...
[debug] [2025-01-18T22:49:00.372Z] >>> [apiv2][query] POST https://auth.firebase.tools/attest [none]
[debug] [2025-01-18T22:49:00.372Z] >>> [apiv2][body] POST https://auth.firebase.tools/attest {"session_id":"244455e7-02be-4b1f-ab01-5d0415558959"}
[debug] [2025-01-18T22:49:00.811Z] <<< [apiv2][status] POST https://auth.firebase.tools/attest 200
[debug] [2025-01-18T22:49:00.812Z] <<< [apiv2][body] POST https://auth.firebase.tools/attest {"token":"Dq8NndAlRx0W8D5aiFVI76J8Ei0a8kPVgJowNTziR5Q"}
[info] 
[info] To sign in to the Firebase CLI:
[info] 
[info] 1. Take note of your session ID:
[info] 
[info]    24445
[info] 
[info] 2. Visit the URL below on any device and follow the instructions to get your code:
[info] 
[info]    https://auth.firebase.tools/login?code_challenge=YLQM_Ch6mUd9DIxZQbUqTZi9x40YHZPG_kCozFZxG7Y&session=244455e7-02be-4b1f-ab01-5d0415558959&attest=Dq8NndAlRx0W8D5aiFVI76J8Ei0a8kPVgJowNTziR5Q
[info] 
[info] 3. Paste or enter the authorization code below once you have it:
[info] 
